<?xml version="1.0" encoding="UTF-8"?>
<!-- Generated by org.testng.reporters.JUnitReportReporter -->
<testsuite skipped="0" hostname="IGSA937002-PC" name="com.planittesting.cloud.jupiter.testcases.ContactPageTestcases" tests="1" failures="0" timestamp="2021-08-22T02:45:47 AEST" time="102.078" errors="0">
  <testcase name="errorValidationOfContactPage" time="102.078" classname="com.planittesting.cloud.jupiter.testcases.ContactPageTestcases"/>
  <system-out/>
</testsuite> <!-- com.planittesting.cloud.jupiter.testcases.ContactPageTestcases -->
