<?xml version="1.0" encoding="UTF-8"?>
<!-- Generated by org.testng.reporters.JUnitReportReporter -->
<testsuite skipped="0" hostname="IGSA937002-PC" name="com.planittesting.cloud.jupiter.testcases.ShopPageTestCases" tests="2" failures="0" timestamp="2021-08-22T16:56:06 AEST" time="17.771" errors="0">
  <testcase name="verificationOfProductUnitPriceSubtotalPriceAndTotalPrice" time="9.355" classname="com.planittesting.cloud.jupiter.testcases.ShopPageTestCases"/>
  <system-out/>
  <testcase name="verificationOfItemsInCart" time="8.416" classname="com.planittesting.cloud.jupiter.testcases.ShopPageTestCases"/>
  <system-out/>
</testsuite> <!-- com.planittesting.cloud.jupiter.testcases.ShopPageTestCases -->
